<?xml version="1.0" encoding="UTF-8"?>
<!-- Generated by org.testng.reporters.JUnitReportReporter -->
<testsuite hostname="LT-RoshanGujar" failures="0" tests="3" name="com.gutenbergProject.testCases.TC_HomePageTest_001" time="23.757" errors="0" timestamp="2021-08-01T14:46:47 IST" skipped="0">
  <testcase classname="com.gutenbergProject.testCases.TC_HomePageTest_001" name="getPageTitle" time="3.705"/>
  <system-out/>
  <testcase classname="com.gutenbergProject.testCases.TC_HomePageTest_001" name="getpageHeader" time="0.048"/>
  <system-out/>
  <testcase classname="com.gutenbergProject.testCases.TC_HomePageTest_001" name="verifyValidLinks" time="20.004"/>
  <system-out/>
</testsuite> <!-- com.gutenbergProject.testCases.TC_HomePageTest_001 -->
